<?xml version="1.0" encoding="UTF-8"?>
<testng-results ignored="0" total="2" passed="2" failed="0" skipped="0">
  <reporter-output>
  </reporter-output>
  <suite started-at="2024-01-04T13:13:46 IST" name="Default suite" finished-at="2024-01-04T13:13:55 IST" duration-ms="9461">
    <groups>
    </groups>
    <test started-at="2024-01-04T13:13:46 IST" name="Default test" finished-at="2024-01-04T13:13:55 IST" duration-ms="9461">
      <class name="com.TestNg.Test3">
        <test-method is-config="true" signature="initiate()[pri:0, instance:com.TestNg.Test3@4f2b503c]" started-at="2024-01-04T13:13:46 IST" name="initiate" finished-at="2024-01-04T13:13:49 IST" duration-ms="2883" status="PASS">
          <reporter-output>
          </reporter-output>
        </test-method> <!-- initiate -->
        <test-method signature="test1()[pri:0, instance:com.TestNg.Test3@4f2b503c]" started-at="2024-01-04T13:13:49 IST" name="test1" finished-at="2024-01-04T13:13:50 IST" duration-ms="1696" status="PASS">
          <reporter-output>
          </reporter-output>
        </test-method> <!-- test1 -->
        <test-method signature="test2()[pri:0, instance:com.TestNg.Test3@4f2b503c]" started-at="2024-01-04T13:13:50 IST" name="test2" finished-at="2024-01-04T13:13:55 IST" duration-ms="4482" status="PASS">
          <reporter-output>
          </reporter-output>
        </test-method> <!-- test2 -->
        <test-method is-config="true" signature="derefer()[pri:0, instance:com.TestNg.Test3@4f2b503c]" started-at="2024-01-04T13:13:55 IST" name="derefer" finished-at="2024-01-04T13:13:55 IST" duration-ms="360" status="PASS">
          <reporter-output>
          </reporter-output>
        </test-method> <!-- derefer -->
      </class> <!-- com.TestNg.Test3 -->
    </test> <!-- Default test -->
  </suite> <!-- Default suite -->
</testng-results>
