<?xml version="1.0" encoding="UTF-8"?>
<!-- Generated by org.testng.reporters.JUnitXMLReporter -->
<testsuite ignored="1" hostname="MSI" failures="0" tests="2" name="Test1" time="0.054" errors="0" timestamp="2024-01-04T12:59:04 IST">
  <testcase classname="com.TestNg.NewTest" name="test1" time="0.009"/>
  <testcase classname="com.TestNg.NewTest" name="test6" time="0.001"/>
  <testcase classname="com.TestNg.NewTest" name="test2" time="0.0">
    <ignored/>
  </testcase> <!-- test2 -->
</testsuite> <!-- Test1 -->
